spikes/android/app/build/intermediates/manifest_merge_blame_file/debug/processDebugMainManifest/manifest-merger-blame-debug-report.txt
1<?xml version="1.0" encoding="utf-8"?>
2<!--
3  M0 Android 検証スパイク (spikes/android)。
4
5  RECORD_AUDIO は付与しない: 本スパイクは音声ファイルのデコード入力のみを扱い、
6  マイク入力は対象外である (design.md §4.3、Issue #11/#12/#13 の CodeRabbit プランに準拠)。
7
8  INTERNET も付与しない: NFR-2 (プライバシー) の方針に合わせ、アプリ自身がネットワーク送信を
9  行う経路を持たないことを明示する。ML Kit / AICore 側のモデルダウンロードは OS ・Google Play
10  services 側のプロセスが行うため、アプリ自身の INTERNET permission がなくても checkStatus() /
11  download() の呼び出し自体は可能という前提だが、これは実機検証で確認できていない
12  (本スパイクはエミュレータ上では AICore が動作しないため未検証。RESULTS.md 参照)。
13-->
14<manifest xmlns:android="http://schemas.android.com/apk/res/android"
15    package="com.moongift.offlinestt.spike"
16    android:versionCode="1"
17    android:versionName="0.0.1-m0-spike" >
18
19    <uses-sdk
19-->INJECTED
20        android:minSdkVersion="31"
20-->INJECTED
21        android:targetSdkVersion="36" />
21-->INJECTED
22
23    <uses-permission android:name="android.permission.ACCESS_NETWORK_STATE" />
23-->[com.google.mlkit:genai-speech-recognition:1.0.0-alpha1] AndroidManifest.xml:7:5-79
23-->[com.google.mlkit:genai-speech-recognition:1.0.0-alpha1] AndroidManifest.xml:7:22-76
24    <uses-permission android:name="android.permission.INTERNET" />
24-->[com.google.mlkit:genai-speech-recognition:1.0.0-alpha1] AndroidManifest.xml:8:5-67
24-->[com.google.mlkit:genai-speech-recognition:1.0.0-alpha1] AndroidManifest.xml:8:22-64
25
26    <queries>
26-->[com.google.mlkit:genai-speech-recognition:1.0.0-alpha1] AndroidManifest.xml:10:5-14:15
27
28        <!-- Google Text-to-Speech -->
29        <package android:name="com.google.android.tts" />
29-->[com.google.mlkit:genai-speech-recognition:1.0.0-alpha1] AndroidManifest.xml:13:9-58
29-->[com.google.mlkit:genai-speech-recognition:1.0.0-alpha1] AndroidManifest.xml:13:18-55
30        <package android:name="com.google.android.aicore" />
30-->[com.google.mlkit:genai-common:1.0.0-beta3] AndroidManifest.xml:10:9-61
30-->[com.google.mlkit:genai-common:1.0.0-beta3] AndroidManifest.xml:10:18-58
31    </queries>
32
33    <permission
33-->[androidx.core:core:1.15.0] AndroidManifest.xml:22:5-24:47
34        android:name="com.moongift.offlinestt.spike.DYNAMIC_RECEIVER_NOT_EXPORTED_PERMISSION"
34-->[androidx.core:core:1.15.0] AndroidManifest.xml:23:9-81
35        android:protectionLevel="signature" />
35-->[androidx.core:core:1.15.0] AndroidManifest.xml:24:9-44
36
37    <uses-permission android:name="com.moongift.offlinestt.spike.DYNAMIC_RECEIVER_NOT_EXPORTED_PERMISSION" />
37-->[androidx.core:core:1.15.0] AndroidManifest.xml:26:5-97
37-->[androidx.core:core:1.15.0] AndroidManifest.xml:26:22-94
38
39    <application
39-->src/main/AndroidManifest.xml:16:5-31:19
40        android:allowBackup="false"
40-->src/main/AndroidManifest.xml:17:9-36
41        android:appComponentFactory="androidx.core.app.CoreComponentFactory"
41-->[androidx.core:core:1.15.0] AndroidManifest.xml:28:18-86
42        android:debuggable="true"
43        android:extractNativeLibs="false"
43-->INJECTED
44        android:fullBackupContent="false"
44-->src/main/AndroidManifest.xml:18:9-42
45        android:icon="@android:drawable/ic_menu_info_details"
45-->src/main/AndroidManifest.xml:19:9-62
46        android:label="@string/app_name"
46-->src/main/AndroidManifest.xml:20:9-41
47        android:theme="@style/Theme.OfflineSttSpike" >
47-->src/main/AndroidManifest.xml:21:9-53
48        <activity
48-->src/main/AndroidManifest.xml:23:9-30:20
49            android:name="com.moongift.offlinestt.spike.MainActivity"
49-->src/main/AndroidManifest.xml:24:13-41
50            android:exported="true" >
50-->src/main/AndroidManifest.xml:25:13-36
51            <intent-filter>
51-->src/main/AndroidManifest.xml:26:13-29:29
52                <action android:name="android.intent.action.MAIN" />
52-->src/main/AndroidManifest.xml:27:17-69
52-->src/main/AndroidManifest.xml:27:25-66
53
54                <category android:name="android.intent.category.LAUNCHER" />
54-->src/main/AndroidManifest.xml:28:17-77
54-->src/main/AndroidManifest.xml:28:27-74
55            </intent-filter>
56        </activity>
57
58        <provider
58-->[com.google.mlkit:common:18.11.0] AndroidManifest.xml:9:9-13:38
59            android:name="com.google.mlkit.common.internal.MlKitInitProvider"
59-->[com.google.mlkit:common:18.11.0] AndroidManifest.xml:10:13-78
60            android:authorities="com.moongift.offlinestt.spike.mlkitinitprovider"
60-->[com.google.mlkit:common:18.11.0] AndroidManifest.xml:11:13-69
61            android:exported="false"
61-->[com.google.mlkit:common:18.11.0] AndroidManifest.xml:12:13-37
62            android:initOrder="99" />
62-->[com.google.mlkit:common:18.11.0] AndroidManifest.xml:13:13-35
63
64        <service
64-->[com.google.mlkit:common:18.11.0] AndroidManifest.xml:15:9-23:19
65            android:name="com.google.mlkit.common.internal.MlKitComponentDiscoveryService"
65-->[com.google.mlkit:common:18.11.0] AndroidManifest.xml:16:13-91
66            android:directBootAware="true"
66-->[com.google.mlkit:common:18.11.0] AndroidManifest.xml:17:13-43
67            android:exported="false" >
67-->[com.google.mlkit:common:18.11.0] AndroidManifest.xml:18:13-37
68            <meta-data
68-->[com.google.mlkit:common:18.11.0] AndroidManifest.xml:20:13-22:85
69                android:name="com.google.firebase.components:com.google.mlkit.common.internal.CommonComponentRegistrar"
69-->[com.google.mlkit:common:18.11.0] AndroidManifest.xml:21:17-120
70                android:value="com.google.firebase.components.ComponentRegistrar" />
70-->[com.google.mlkit:common:18.11.0] AndroidManifest.xml:22:17-82
71        </service>
72
73        <activity
73-->[com.google.android.gms:play-services-base:18.5.0] AndroidManifest.xml:5:9-173
74            android:name="com.google.android.gms.common.api.GoogleApiActivity"
74-->[com.google.android.gms:play-services-base:18.5.0] AndroidManifest.xml:5:19-85
75            android:exported="false"
75-->[com.google.android.gms:play-services-base:18.5.0] AndroidManifest.xml:5:146-170
76            android:theme="@android:style/Theme.Translucent.NoTitleBar" />
76-->[com.google.android.gms:play-services-base:18.5.0] AndroidManifest.xml:5:86-145
77
78        <meta-data
78-->[com.google.android.gms:play-services-basement:18.9.0] AndroidManifest.xml:21:9-23:69
79            android:name="com.google.android.gms.version"
79-->[com.google.android.gms:play-services-basement:18.9.0] AndroidManifest.xml:22:13-58
80            android:value="@integer/google_play_services_version" />
80-->[com.google.android.gms:play-services-basement:18.9.0] AndroidManifest.xml:23:13-66
81
82        <provider
82-->[androidx.emoji2:emoji2:1.3.0] AndroidManifest.xml:24:9-32:20
83            android:name="androidx.startup.InitializationProvider"
83-->[androidx.emoji2:emoji2:1.3.0] AndroidManifest.xml:25:13-67
84            android:authorities="com.moongift.offlinestt.spike.androidx-startup"
84-->[androidx.emoji2:emoji2:1.3.0] AndroidManifest.xml:26:13-68
85            android:exported="false" >
85-->[androidx.emoji2:emoji2:1.3.0] AndroidManifest.xml:27:13-37
86            <meta-data
86-->[androidx.emoji2:emoji2:1.3.0] AndroidManifest.xml:29:13-31:52
87                android:name="androidx.emoji2.text.EmojiCompatInitializer"
87-->[androidx.emoji2:emoji2:1.3.0] AndroidManifest.xml:30:17-75
88                android:value="androidx.startup" />
88-->[androidx.emoji2:emoji2:1.3.0] AndroidManifest.xml:31:17-49
89            <meta-data
89-->[androidx.lifecycle:lifecycle-process:2.6.2] AndroidManifest.xml:29:13-31:52
90                android:name="androidx.lifecycle.ProcessLifecycleInitializer"
90-->[androidx.lifecycle:lifecycle-process:2.6.2] AndroidManifest.xml:30:17-78
91                android:value="androidx.startup" />
91-->[androidx.lifecycle:lifecycle-process:2.6.2] AndroidManifest.xml:31:17-49
92            <meta-data
92-->[androidx.profileinstaller:profileinstaller:1.3.1] AndroidManifest.xml:29:13-31:52
93                android:name="androidx.profileinstaller.ProfileInstallerInitializer"
93-->[androidx.profileinstaller:profileinstaller:1.3.1] AndroidManifest.xml:30:17-85
94                android:value="androidx.startup" />
94-->[androidx.profileinstaller:profileinstaller:1.3.1] AndroidManifest.xml:31:17-49
95        </provider>
96
97        <service
97-->[com.google.android.datatransport:transport-backend-cct:2.3.3] AndroidManifest.xml:29:9-35:19
98            android:name="com.google.android.datatransport.runtime.backends.TransportBackendDiscovery"
98-->[com.google.android.datatransport:transport-backend-cct:2.3.3] AndroidManifest.xml:30:13-103
99            android:exported="false" >
99-->[com.google.android.datatransport:transport-backend-cct:2.3.3] AndroidManifest.xml:31:13-37
100            <meta-data
100-->[com.google.android.datatransport:transport-backend-cct:2.3.3] AndroidManifest.xml:32:13-34:39
101                android:name="backend:com.google.android.datatransport.cct.CctBackendFactory"
101-->[com.google.android.datatransport:transport-backend-cct:2.3.3] AndroidManifest.xml:33:17-94
102                android:value="cct" />
102-->[com.google.android.datatransport:transport-backend-cct:2.3.3] AndroidManifest.xml:34:17-36
103        </service>
104        <service
104-->[com.google.android.datatransport:transport-runtime:2.2.6] AndroidManifest.xml:26:9-30:19
105            android:name="com.google.android.datatransport.runtime.scheduling.jobscheduling.JobInfoSchedulerService"
105-->[com.google.android.datatransport:transport-runtime:2.2.6] AndroidManifest.xml:27:13-117
106            android:exported="false"
106-->[com.google.android.datatransport:transport-runtime:2.2.6] AndroidManifest.xml:28:13-37
107            android:permission="android.permission.BIND_JOB_SERVICE" >
107-->[com.google.android.datatransport:transport-runtime:2.2.6] AndroidManifest.xml:29:13-69
108        </service>
109
110        <receiver
110-->[com.google.android.datatransport:transport-runtime:2.2.6] AndroidManifest.xml:32:9-34:40
111            android:name="com.google.android.datatransport.runtime.scheduling.jobscheduling.AlarmManagerSchedulerBroadcastReceiver"
111-->[com.google.android.datatransport:transport-runtime:2.2.6] AndroidManifest.xml:33:13-132
112            android:exported="false" />
112-->[com.google.android.datatransport:transport-runtime:2.2.6] AndroidManifest.xml:34:13-37
113        <receiver
113-->[androidx.profileinstaller:profileinstaller:1.3.1] AndroidManifest.xml:34:9-52:20
114            android:name="androidx.profileinstaller.ProfileInstallReceiver"
114-->[androidx.profileinstaller:profileinstaller:1.3.1] AndroidManifest.xml:35:13-76
115            android:directBootAware="false"
115-->[androidx.profileinstaller:profileinstaller:1.3.1] AndroidManifest.xml:36:13-44
116            android:enabled="true"
116-->[androidx.profileinstaller:profileinstaller:1.3.1] AndroidManifest.xml:37:13-35
117            android:exported="true"
117-->[androidx.profileinstaller:profileinstaller:1.3.1] AndroidManifest.xml:38:13-36
118            android:permission="android.permission.DUMP" >
118-->[androidx.profileinstaller:profileinstaller:1.3.1] AndroidManifest.xml:39:13-57
119            <intent-filter>
119-->[androidx.profileinstaller:profileinstaller:1.3.1] AndroidManifest.xml:40:13-42:29
120                <action android:name="androidx.profileinstaller.action.INSTALL_PROFILE" />
120-->[androidx.profileinstaller:profileinstaller:1.3.1] AndroidManifest.xml:41:17-91
120-->[androidx.profileinstaller:profileinstaller:1.3.1] AndroidManifest.xml:41:25-88
121            </intent-filter>
122            <intent-filter>
122-->[androidx.profileinstaller:profileinstaller:1.3.1] AndroidManifest.xml:43:13-45:29
123                <action android:name="androidx.profileinstaller.action.SKIP_FILE" />
123-->[androidx.profileinstaller:profileinstaller:1.3.1] AndroidManifest.xml:44:17-85
123-->[androidx.profileinstaller:profileinstaller:1.3.1] AndroidManifest.xml:44:25-82
124            </intent-filter>
125            <intent-filter>
125-->[androidx.profileinstaller:profileinstaller:1.3.1] AndroidManifest.xml:46:13-48:29
126                <action android:name="androidx.profileinstaller.action.SAVE_PROFILE" />
126-->[androidx.profileinstaller:profileinstaller:1.3.1] AndroidManifest.xml:47:17-88
126-->[androidx.profileinstaller:profileinstaller:1.3.1] AndroidManifest.xml:47:25-85
127            </intent-filter>
128            <intent-filter>
128-->[androidx.profileinstaller:profileinstaller:1.3.1] AndroidManifest.xml:49:13-51:29
129                <action android:name="androidx.profileinstaller.action.BENCHMARK_OPERATION" />
129-->[androidx.profileinstaller:profileinstaller:1.3.1] AndroidManifest.xml:50:17-95
129-->[androidx.profileinstaller:profileinstaller:1.3.1] AndroidManifest.xml:50:25-92
130            </intent-filter>
131        </receiver>
132    </application>
133
134</manifest>